<?xml version="1.0" encoding="UTF-8"?>
<testng-results skipped="0" failed="0" total="1" passed="1">
  <reporter-output>
  </reporter-output>
  <suite name="Command line suite" duration-ms="34" started-at="2016-05-17T17:47:59Z" finished-at="2016-05-17T17:47:59Z">
    <groups>
    </groups>
    <test name="Command line test" duration-ms="34" started-at="2016-05-17T17:47:59Z" finished-at="2016-05-17T17:47:59Z">
      <class name="OpenSource.Selenium.AppTest">
        <test-method status="PASS" signature="testApp()" name="testApp" duration-ms="7" started-at="2016-05-17T17:47:59Z" finished-at="2016-05-17T17:47:59Z">
        </test-method>
      </class>
    </test>
  </suite>
</testng-results>
