<?xml version="1.0" encoding="UTF-8"?>
<testsuite hostname="NIT-A03-007D" name="OpenSource.Selenium.TestInitiate" tests="1" failures="1" timestamp="19 Apr 2016 12:06:17 GMT" time="20.027" errors="0">
  <testcase name="TestInitiate_method" time="19.963" classname="OpenSource.Selenium.TestInitiate">
    <failure type="java.lang.reflect.InvocationTargetException">
      <![CDATA[java.lang.reflect.InvocationTargetException
	at OpenSource.Selenium.ReflectionClass.callMethods(ReflectionClass.java:53)
	at OpenSource.Selenium.TestInitiate.TestInitiate_method(TestInitiate.java:43)
Caused by: java.lang.AssertionError: expected:<Verify Your Identity | Salesforce> but was:<Find a Flight: Mercury Tours:>
	at OpenSource.Selenium.ReflectionClass.verifyLogIn(ReflectionClass.java:130)
	... 31 more
... Removed 34 stack frames]]>
    </failure>
  </testcase>
</testsuite>
