<?xml version="1.0" encoding="UTF-8"?>
<testng-results skipped="0" failed="0" total="4" passed="4">
  <reporter-output>
  </reporter-output>
  <suite name="Command line suite" duration-ms="51869" started-at="2016-05-17T17:47:06Z" finished-at="2016-05-17T17:47:58Z">
    <groups>
    </groups>
    <test name="Command line test" duration-ms="51869" started-at="2016-05-17T17:47:06Z" finished-at="2016-05-17T17:47:58Z">
      <class name="OpenSource.Selenium.ExecuteTest">
        <test-method status="PASS" signature="initiateDriver()" name="initiateDriver" is-config="true" duration-ms="30694" started-at="2016-05-17T17:47:06Z" finished-at="2016-05-17T17:47:37Z">
        </test-method>
      </class>
      <class name="OpenSource.Selenium.TestInitiate">
        <test-method status="PASS" signature="TestCase_01()" name="TestCase_01" duration-ms="9654" started-at="2016-05-17T17:47:37Z" finished-at="2016-05-17T17:47:47Z">
        </test-method>
        <test-method status="PASS" signature="TestCase_02()" name="TestCase_02" duration-ms="3585" started-at="2016-05-17T17:47:47Z" finished-at="2016-05-17T17:47:50Z">
        </test-method>
        <test-method status="PASS" signature="TestCase_03()" name="TestCase_03" duration-ms="3591" started-at="2016-05-17T17:47:50Z" finished-at="2016-05-17T17:47:54Z">
        </test-method>
        <test-method status="PASS" signature="TestCase_04()" name="TestCase_04" duration-ms="4240" started-at="2016-05-17T17:47:54Z" finished-at="2016-05-17T17:47:58Z">
        </test-method>
      </class>
    </test>
  </suite>
</testng-results>
